AIUniversalAssistantAndroid/app/build/intermediates/manifest_merge_blame_file/debug/processDebugMainManifest/manifest-merger-blame-debug-report.txt
1<?xml version="1.0" encoding="utf-8"?>
2<manifest xmlns:android="http://schemas.android.com/apk/res/android"
3    package="com.aiwriting.assistant"
4    android:versionCode="1"
5    android:versionName="1.0.0" >
6
7    <uses-sdk
8        android:minSdkVersion="24"
9        android:targetSdkVersion="34" />
10
11    <uses-permission android:name="android.permission.INTERNET" />
11-->src/main/AndroidManifest.xml:5:5-67
11-->src/main/AndroidManifest.xml:5:22-64
12    <uses-permission android:name="android.permission.ACCESS_NETWORK_STATE" />
12-->src/main/AndroidManifest.xml:6:5-79
12-->src/main/AndroidManifest.xml:6:22-76
13    <uses-permission
13-->src/main/AndroidManifest.xml:7:5-9:40
14        android:name="android.permission.WRITE_EXTERNAL_STORAGE"
14-->src/main/AndroidManifest.xml:7:22-78
15        android:maxSdkVersion="32" />
15-->src/main/AndroidManifest.xml:8:9-35
16    <uses-permission
16-->src/main/AndroidManifest.xml:10:5-11:38
17        android:name="android.permission.READ_EXTERNAL_STORAGE"
17-->src/main/AndroidManifest.xml:10:22-77
18        android:maxSdkVersion="32" />
18-->src/main/AndroidManifest.xml:11:9-35
19    <uses-permission android:name="android.permission.WAKE_LOCK" />
19-->[androidx.work:work-runtime:2.9.0] AndroidManifest.xml:23:5-68
19-->[androidx.work:work-runtime:2.9.0] AndroidManifest.xml:23:22-65
20    <uses-permission android:name="android.permission.RECEIVE_BOOT_COMPLETED" />
20-->[androidx.work:work-runtime:2.9.0] AndroidManifest.xml:25:5-81
20-->[androidx.work:work-runtime:2.9.0] AndroidManifest.xml:25:22-78
21    <uses-permission android:name="android.permission.FOREGROUND_SERVICE" />
21-->[androidx.work:work-runtime:2.9.0] AndroidManifest.xml:26:5-77
21-->[androidx.work:work-runtime:2.9.0] AndroidManifest.xml:26:22-74
22
23    <permission
23-->[androidx.core:core:1.13.1] AndroidManifest.xml:22:5-24:47
24        android:name="com.aiwriting.assistant.DYNAMIC_RECEIVER_NOT_EXPORTED_PERMISSION"
24-->[androidx.core:core:1.13.1] AndroidManifest.xml:23:9-81
25        android:protectionLevel="signature" />
25-->[androidx.core:core:1.13.1] AndroidManifest.xml:24:9-44
26
27    <uses-permission android:name="com.aiwriting.assistant.DYNAMIC_RECEIVER_NOT_EXPORTED_PERMISSION" />
27-->[androidx.core:core:1.13.1] AndroidManifest.xml:26:5-97
27-->[androidx.core:core:1.13.1] AndroidManifest.xml:26:22-94
28
29    <application
29-->src/main/AndroidManifest.xml:13:5-79:19
30        android:name="com.aiwriting.assistant.AIWritingApplication"
30-->src/main/AndroidManifest.xml:14:9-45
31        android:allowBackup="true"
31-->src/main/AndroidManifest.xml:15:9-35
32        android:appComponentFactory="androidx.core.app.CoreComponentFactory"
32-->[androidx.core:core:1.13.1] AndroidManifest.xml:28:18-86
33        android:dataExtractionRules="@xml/data_extraction_rules"
33-->src/main/AndroidManifest.xml:16:9-65
34        android:debuggable="true"
35        android:extractNativeLibs="false"
36        android:fullBackupContent="@xml/backup_rules"
36-->src/main/AndroidManifest.xml:17:9-54
37        android:icon="@mipmap/ic_launcher"
37-->src/main/AndroidManifest.xml:18:9-43
38        android:label="@string/app_name"
38-->src/main/AndroidManifest.xml:19:9-41
39        android:roundIcon="@mipmap/ic_launcher_round"
39-->src/main/AndroidManifest.xml:20:9-54
40        android:supportsRtl="true"
40-->src/main/AndroidManifest.xml:21:9-35
41        android:theme="@style/Theme.AIWriting"
41-->src/main/AndroidManifest.xml:22:9-47
42        android:usesCleartextTraffic="true" >
42-->src/main/AndroidManifest.xml:23:9-44
43
44        <!-- Splash Activity -->
45        <activity
45-->src/main/AndroidManifest.xml:27:9-35:20
46            android:name="com.aiwriting.assistant.ui.splash.SplashActivity"
46-->src/main/AndroidManifest.xml:28:13-53
47            android:exported="true"
47-->src/main/AndroidManifest.xml:29:13-36
48            android:theme="@style/Theme.AIWriting.Splash" >
48-->src/main/AndroidManifest.xml:30:13-58
49            <intent-filter>
49-->src/main/AndroidManifest.xml:31:13-34:29
50                <action android:name="android.intent.action.MAIN" />
50-->src/main/AndroidManifest.xml:32:17-69
50-->src/main/AndroidManifest.xml:32:25-66
51
52                <category android:name="android.intent.category.LAUNCHER" />
52-->src/main/AndroidManifest.xml:33:17-77
52-->src/main/AndroidManifest.xml:33:27-74
53            </intent-filter>
54        </activity>
55
56        <!-- Main Activity -->
57        <activity
57-->src/main/AndroidManifest.xml:38:9-41:58
58            android:name="com.aiwriting.assistant.ui.main.MainActivity"
58-->src/main/AndroidManifest.xml:39:13-49
59            android:exported="false"
59-->src/main/AndroidManifest.xml:40:13-37
60            android:windowSoftInputMode="adjustResize" />
60-->src/main/AndroidManifest.xml:41:13-55
61
62        <!-- Writing Detail Activity -->
63        <activity
63-->src/main/AndroidManifest.xml:44:9-47:58
64            android:name="com.aiwriting.assistant.ui.writing.WritingDetailActivity"
64-->src/main/AndroidManifest.xml:45:13-61
65            android:exported="false"
65-->src/main/AndroidManifest.xml:46:13-37
66            android:windowSoftInputMode="adjustResize" />
66-->src/main/AndroidManifest.xml:47:13-55
67
68        <!-- TODO: 以下 Activity 待实现，暂时注释 -->
69        <!--
70        <activity
71            android:name=".ui.document.DocumentDetailActivity"
72            android:exported="false"
73            android:windowSoftInputMode="adjustResize" />
74
75        <activity
76            android:name=".ui.search.SearchActivity"
77            android:exported="false"
78            android:windowSoftInputMode="adjustResize" />
79
80        <activity
81            android:name=".ui.membership.MembershipActivity"
82            android:exported="false" />
83
84        <activity
85            android:name=".ui.wordpack.WordPackActivity"
86            android:exported="false" />
87
88        <activity
89            android:name=".ui.about.AboutActivity"
90            android:exported="false" />
91
92        <activity
93            android:name=".ui.records.WritingRecordsActivity"
94            android:exported="false" />
95        -->
96
97        <provider
97-->[androidx.emoji2:emoji2:1.3.0] AndroidManifest.xml:24:9-32:20
98            android:name="androidx.startup.InitializationProvider"
98-->[androidx.emoji2:emoji2:1.3.0] AndroidManifest.xml:25:13-67
99            android:authorities="com.aiwriting.assistant.androidx-startup"
99-->[androidx.emoji2:emoji2:1.3.0] AndroidManifest.xml:26:13-68
100            android:exported="false" >
100-->[androidx.emoji2:emoji2:1.3.0] AndroidManifest.xml:27:13-37
101            <meta-data
101-->[androidx.emoji2:emoji2:1.3.0] AndroidManifest.xml:29:13-31:52
102                android:name="androidx.emoji2.text.EmojiCompatInitializer"
102-->[androidx.emoji2:emoji2:1.3.0] AndroidManifest.xml:30:17-75
103                android:value="androidx.startup" />
103-->[androidx.emoji2:emoji2:1.3.0] AndroidManifest.xml:31:17-49
104            <meta-data
104-->[androidx.work:work-runtime:2.9.0] AndroidManifest.xml:34:13-36:52
105                android:name="androidx.work.WorkManagerInitializer"
105-->[androidx.work:work-runtime:2.9.0] AndroidManifest.xml:35:17-68
106                android:value="androidx.startup" />
106-->[androidx.work:work-runtime:2.9.0] AndroidManifest.xml:36:17-49
107            <meta-data
107-->[androidx.lifecycle:lifecycle-process:2.7.0] AndroidManifest.xml:29:13-31:52
108                android:name="androidx.lifecycle.ProcessLifecycleInitializer"
108-->[androidx.lifecycle:lifecycle-process:2.7.0] AndroidManifest.xml:30:17-78
109                android:value="androidx.startup" />
109-->[androidx.lifecycle:lifecycle-process:2.7.0] AndroidManifest.xml:31:17-49
110            <meta-data
110-->[androidx.profileinstaller:profileinstaller:1.4.0] AndroidManifest.xml:29:13-31:52
111                android:name="androidx.profileinstaller.ProfileInstallerInitializer"
111-->[androidx.profileinstaller:profileinstaller:1.4.0] AndroidManifest.xml:30:17-85
112                android:value="androidx.startup" />
112-->[androidx.profileinstaller:profileinstaller:1.4.0] AndroidManifest.xml:31:17-49
113        </provider>
114
115        <service
115-->[androidx.work:work-runtime:2.9.0] AndroidManifest.xml:39:9-45:35
116            android:name="androidx.work.impl.background.systemalarm.SystemAlarmService"
116-->[androidx.work:work-runtime:2.9.0] AndroidManifest.xml:40:13-88
117            android:directBootAware="false"
117-->[androidx.work:work-runtime:2.9.0] AndroidManifest.xml:41:13-44
118            android:enabled="@bool/enable_system_alarm_service_default"
118-->[androidx.work:work-runtime:2.9.0] AndroidManifest.xml:42:13-72
119            android:exported="false" />
119-->[androidx.work:work-runtime:2.9.0] AndroidManifest.xml:43:13-37
120        <service
120-->[androidx.work:work-runtime:2.9.0] AndroidManifest.xml:46:9-52:35
121            android:name="androidx.work.impl.background.systemjob.SystemJobService"
121-->[androidx.work:work-runtime:2.9.0] AndroidManifest.xml:47:13-84
122            android:directBootAware="false"
122-->[androidx.work:work-runtime:2.9.0] AndroidManifest.xml:48:13-44
123            android:enabled="@bool/enable_system_job_service_default"
123-->[androidx.work:work-runtime:2.9.0] AndroidManifest.xml:49:13-70
124            android:exported="true"
124-->[androidx.work:work-runtime:2.9.0] AndroidManifest.xml:50:13-36
125            android:permission="android.permission.BIND_JOB_SERVICE" />
125-->[androidx.work:work-runtime:2.9.0] AndroidManifest.xml:51:13-69
126        <service
126-->[androidx.work:work-runtime:2.9.0] AndroidManifest.xml:53:9-59:35
127            android:name="androidx.work.impl.foreground.SystemForegroundService"
127-->[androidx.work:work-runtime:2.9.0] AndroidManifest.xml:54:13-81
128            android:directBootAware="false"
128-->[androidx.work:work-runtime:2.9.0] AndroidManifest.xml:55:13-44
129            android:enabled="@bool/enable_system_foreground_service_default"
129-->[androidx.work:work-runtime:2.9.0] AndroidManifest.xml:56:13-77
130            android:exported="false" />
130-->[androidx.work:work-runtime:2.9.0] AndroidManifest.xml:57:13-37
131
132        <receiver
132-->[androidx.work:work-runtime:2.9.0] AndroidManifest.xml:61:9-66:35
133            android:name="androidx.work.impl.utils.ForceStopRunnable$BroadcastReceiver"
133-->[androidx.work:work-runtime:2.9.0] AndroidManifest.xml:62:13-88
134            android:directBootAware="false"
134-->[androidx.work:work-runtime:2.9.0] AndroidManifest.xml:63:13-44
135            android:enabled="true"
135-->[androidx.work:work-runtime:2.9.0] AndroidManifest.xml:64:13-35
136            android:exported="false" />
136-->[androidx.work:work-runtime:2.9.0] AndroidManifest.xml:65:13-37
137        <receiver
137-->[androidx.work:work-runtime:2.9.0] AndroidManifest.xml:67:9-77:20
138            android:name="androidx.work.impl.background.systemalarm.ConstraintProxy$BatteryChargingProxy"
138-->[androidx.work:work-runtime:2.9.0] AndroidManifest.xml:68:13-106
139            android:directBootAware="false"
139-->[androidx.work:work-runtime:2.9.0] AndroidManifest.xml:69:13-44
140            android:enabled="false"
140-->[androidx.work:work-runtime:2.9.0] AndroidManifest.xml:70:13-36
141            android:exported="false" >
141-->[androidx.work:work-runtime:2.9.0] AndroidManifest.xml:71:13-37
142            <intent-filter>
142-->[androidx.work:work-runtime:2.9.0] AndroidManifest.xml:73:13-76:29
143                <action android:name="android.intent.action.ACTION_POWER_CONNECTED" />
143-->[androidx.work:work-runtime:2.9.0] AndroidManifest.xml:74:17-87
143-->[androidx.work:work-runtime:2.9.0] AndroidManifest.xml:74:25-84
144                <action android:name="android.intent.action.ACTION_POWER_DISCONNECTED" />
144-->[androidx.work:work-runtime:2.9.0] AndroidManifest.xml:75:17-90
144-->[androidx.work:work-runtime:2.9.0] AndroidManifest.xml:75:25-87
145            </intent-filter>
146        </receiver>
147        <receiver
147-->[androidx.work:work-runtime:2.9.0] AndroidManifest.xml:78:9-88:20
148            android:name="androidx.work.impl.background.systemalarm.ConstraintProxy$BatteryNotLowProxy"
148-->[androidx.work:work-runtime:2.9.0] AndroidManifest.xml:79:13-104
149            android:directBootAware="false"
149-->[androidx.work:work-runtime:2.9.0] AndroidManifest.xml:80:13-44
150            android:enabled="false"
150-->[androidx.work:work-runtime:2.9.0] AndroidManifest.xml:81:13-36
151            android:exported="false" >
151-->[androidx.work:work-runtime:2.9.0] AndroidManifest.xml:82:13-37
152            <intent-filter>
152-->[androidx.work:work-runtime:2.9.0] AndroidManifest.xml:84:13-87:29
153                <action android:name="android.intent.action.BATTERY_OKAY" />
153-->[androidx.work:work-runtime:2.9.0] AndroidManifest.xml:85:17-77
153-->[androidx.work:work-runtime:2.9.0] AndroidManifest.xml:85:25-74
154                <action android:name="android.intent.action.BATTERY_LOW" />
154-->[androidx.work:work-runtime:2.9.0] AndroidManifest.xml:86:17-76
154-->[androidx.work:work-runtime:2.9.0] AndroidManifest.xml:86:25-73
155            </intent-filter>
156        </receiver>
157        <receiver
157-->[androidx.work:work-runtime:2.9.0] AndroidManifest.xml:89:9-99:20
158            android:name="androidx.work.impl.background.systemalarm.ConstraintProxy$StorageNotLowProxy"
158-->[androidx.work:work-runtime:2.9.0] AndroidManifest.xml:90:13-104
159            android:directBootAware="false"
159-->[androidx.work:work-runtime:2.9.0] AndroidManifest.xml:91:13-44
160            android:enabled="false"
160-->[androidx.work:work-runtime:2.9.0] AndroidManifest.xml:92:13-36
161            android:exported="false" >
161-->[androidx.work:work-runtime:2.9.0] AndroidManifest.xml:93:13-37
162            <intent-filter>
162-->[androidx.work:work-runtime:2.9.0] AndroidManifest.xml:95:13-98:29
163                <action android:name="android.intent.action.DEVICE_STORAGE_LOW" />
163-->[androidx.work:work-runtime:2.9.0] AndroidManifest.xml:96:17-83
163-->[androidx.work:work-runtime:2.9.0] AndroidManifest.xml:96:25-80
164                <action android:name="android.intent.action.DEVICE_STORAGE_OK" />
164-->[androidx.work:work-runtime:2.9.0] AndroidManifest.xml:97:17-82
164-->[androidx.work:work-runtime:2.9.0] AndroidManifest.xml:97:25-79
165            </intent-filter>
166        </receiver>
167        <receiver
167-->[androidx.work:work-runtime:2.9.0] AndroidManifest.xml:100:9-109:20
168            android:name="androidx.work.impl.background.systemalarm.ConstraintProxy$NetworkStateProxy"
168-->[androidx.work:work-runtime:2.9.0] AndroidManifest.xml:101:13-103
169            android:directBootAware="false"
169-->[androidx.work:work-runtime:2.9.0] AndroidManifest.xml:102:13-44
170            android:enabled="false"
170-->[androidx.work:work-runtime:2.9.0] AndroidManifest.xml:103:13-36
171            android:exported="false" >
171-->[androidx.work:work-runtime:2.9.0] AndroidManifest.xml:104:13-37
172            <intent-filter>
172-->[androidx.work:work-runtime:2.9.0] AndroidManifest.xml:106:13-108:29
173                <action android:name="android.net.conn.CONNECTIVITY_CHANGE" />
173-->[androidx.work:work-runtime:2.9.0] AndroidManifest.xml:107:17-79
173-->[androidx.work:work-runtime:2.9.0] AndroidManifest.xml:107:25-76
174            </intent-filter>
175        </receiver>
176        <receiver
176-->[androidx.work:work-runtime:2.9.0] AndroidManifest.xml:110:9-121:20
177            android:name="androidx.work.impl.background.systemalarm.RescheduleReceiver"
177-->[androidx.work:work-runtime:2.9.0] AndroidManifest.xml:111:13-88
178            android:directBootAware="false"
178-->[androidx.work:work-runtime:2.9.0] AndroidManifest.xml:112:13-44
179            android:enabled="false"
179-->[androidx.work:work-runtime:2.9.0] AndroidManifest.xml:113:13-36
180            android:exported="false" >
180-->[androidx.work:work-runtime:2.9.0] AndroidManifest.xml:114:13-37
181            <intent-filter>
181-->[androidx.work:work-runtime:2.9.0] AndroidManifest.xml:116:13-120:29
182                <action android:name="android.intent.action.BOOT_COMPLETED" />
182-->[androidx.work:work-runtime:2.9.0] AndroidManifest.xml:117:17-79
182-->[androidx.work:work-runtime:2.9.0] AndroidManifest.xml:117:25-76
183                <action android:name="android.intent.action.TIME_SET" />
183-->[androidx.work:work-runtime:2.9.0] AndroidManifest.xml:118:17-73
183-->[androidx.work:work-runtime:2.9.0] AndroidManifest.xml:118:25-70
184                <action android:name="android.intent.action.TIMEZONE_CHANGED" />
184-->[androidx.work:work-runtime:2.9.0] AndroidManifest.xml:119:17-81
184-->[androidx.work:work-runtime:2.9.0] AndroidManifest.xml:119:25-78
185            </intent-filter>
186        </receiver>
187        <receiver
187-->[androidx.work:work-runtime:2.9.0] AndroidManifest.xml:122:9-131:20
188            android:name="androidx.work.impl.background.systemalarm.ConstraintProxyUpdateReceiver"
188-->[androidx.work:work-runtime:2.9.0] AndroidManifest.xml:123:13-99
189            android:directBootAware="false"
189-->[androidx.work:work-runtime:2.9.0] AndroidManifest.xml:124:13-44
190            android:enabled="@bool/enable_system_alarm_service_default"
190-->[androidx.work:work-runtime:2.9.0] AndroidManifest.xml:125:13-72
191            android:exported="false" >
191-->[androidx.work:work-runtime:2.9.0] AndroidManifest.xml:126:13-37
192            <intent-filter>
192-->[androidx.work:work-runtime:2.9.0] AndroidManifest.xml:128:13-130:29
193                <action android:name="androidx.work.impl.background.systemalarm.UpdateProxies" />
193-->[androidx.work:work-runtime:2.9.0] AndroidManifest.xml:129:17-98
193-->[androidx.work:work-runtime:2.9.0] AndroidManifest.xml:129:25-95
194            </intent-filter>
195        </receiver>
196        <receiver
196-->[androidx.work:work-runtime:2.9.0] AndroidManifest.xml:132:9-142:20
197            android:name="androidx.work.impl.diagnostics.DiagnosticsReceiver"
197-->[androidx.work:work-runtime:2.9.0] AndroidManifest.xml:133:13-78
198            android:directBootAware="false"
198-->[androidx.work:work-runtime:2.9.0] AndroidManifest.xml:134:13-44
199            android:enabled="true"
199-->[androidx.work:work-runtime:2.9.0] AndroidManifest.xml:135:13-35
200            android:exported="true"
200-->[androidx.work:work-runtime:2.9.0] AndroidManifest.xml:136:13-36
201            android:permission="android.permission.DUMP" >
201-->[androidx.work:work-runtime:2.9.0] AndroidManifest.xml:137:13-57
202            <intent-filter>
202-->[androidx.work:work-runtime:2.9.0] AndroidManifest.xml:139:13-141:29
203                <action android:name="androidx.work.diagnostics.REQUEST_DIAGNOSTICS" />
203-->[androidx.work:work-runtime:2.9.0] AndroidManifest.xml:140:17-88
203-->[androidx.work:work-runtime:2.9.0] AndroidManifest.xml:140:25-85
204            </intent-filter>
205        </receiver>
206
207        <uses-library
207-->[androidx.window:window:1.0.0] AndroidManifest.xml:25:9-27:40
208            android:name="androidx.window.extensions"
208-->[androidx.window:window:1.0.0] AndroidManifest.xml:26:13-54
209            android:required="false" />
209-->[androidx.window:window:1.0.0] AndroidManifest.xml:27:13-37
210        <uses-library
210-->[androidx.window:window:1.0.0] AndroidManifest.xml:28:9-30:40
211            android:name="androidx.window.sidecar"
211-->[androidx.window:window:1.0.0] AndroidManifest.xml:29:13-51
212            android:required="false" />
212-->[androidx.window:window:1.0.0] AndroidManifest.xml:30:13-37
213
214        <service
214-->[androidx.room:room-runtime:2.6.1] AndroidManifest.xml:24:9-28:63
215            android:name="androidx.room.MultiInstanceInvalidationService"
215-->[androidx.room:room-runtime:2.6.1] AndroidManifest.xml:25:13-74
216            android:directBootAware="true"
216-->[androidx.room:room-runtime:2.6.1] AndroidManifest.xml:26:13-43
217            android:exported="false" />
217-->[androidx.room:room-runtime:2.6.1] AndroidManifest.xml:27:13-37
218
219        <receiver
219-->[androidx.profileinstaller:profileinstaller:1.4.0] AndroidManifest.xml:34:9-52:20
220            android:name="androidx.profileinstaller.ProfileInstallReceiver"
220-->[androidx.profileinstaller:profileinstaller:1.4.0] AndroidManifest.xml:35:13-76
221            android:directBootAware="false"
221-->[androidx.profileinstaller:profileinstaller:1.4.0] AndroidManifest.xml:36:13-44
222            android:enabled="true"
222-->[androidx.profileinstaller:profileinstaller:1.4.0] AndroidManifest.xml:37:13-35
223            android:exported="true"
223-->[androidx.profileinstaller:profileinstaller:1.4.0] AndroidManifest.xml:38:13-36
224            android:permission="android.permission.DUMP" >
224-->[androidx.profileinstaller:profileinstaller:1.4.0] AndroidManifest.xml:39:13-57
225            <intent-filter>
225-->[androidx.profileinstaller:profileinstaller:1.4.0] AndroidManifest.xml:40:13-42:29
226                <action android:name="androidx.profileinstaller.action.INSTALL_PROFILE" />
226-->[androidx.profileinstaller:profileinstaller:1.4.0] AndroidManifest.xml:41:17-91
226-->[androidx.profileinstaller:profileinstaller:1.4.0] AndroidManifest.xml:41:25-88
227            </intent-filter>
228            <intent-filter>
228-->[androidx.profileinstaller:profileinstaller:1.4.0] AndroidManifest.xml:43:13-45:29
229                <action android:name="androidx.profileinstaller.action.SKIP_FILE" />
229-->[androidx.profileinstaller:profileinstaller:1.4.0] AndroidManifest.xml:44:17-85
229-->[androidx.profileinstaller:profileinstaller:1.4.0] AndroidManifest.xml:44:25-82
230            </intent-filter>
231            <intent-filter>
231-->[androidx.profileinstaller:profileinstaller:1.4.0] AndroidManifest.xml:46:13-48:29
232                <action android:name="androidx.profileinstaller.action.SAVE_PROFILE" />
232-->[androidx.profileinstaller:profileinstaller:1.4.0] AndroidManifest.xml:47:17-88
232-->[androidx.profileinstaller:profileinstaller:1.4.0] AndroidManifest.xml:47:25-85
233            </intent-filter>
234            <intent-filter>
234-->[androidx.profileinstaller:profileinstaller:1.4.0] AndroidManifest.xml:49:13-51:29
235                <action android:name="androidx.profileinstaller.action.BENCHMARK_OPERATION" />
235-->[androidx.profileinstaller:profileinstaller:1.4.0] AndroidManifest.xml:50:17-95
235-->[androidx.profileinstaller:profileinstaller:1.4.0] AndroidManifest.xml:50:25-92
236            </intent-filter>
237        </receiver>
238    </application>
239
240</manifest>